LukeAndroidDemo/app/build/outputs/logs/manifest-merger-debug-report.txt
-- Merging decision tree log ---
manifest
ADDED from src\main\AndroidManifest.xml:2:1-224:12
	package
		ADDED from src\main\AndroidManifest.xml:3:5-35
		INJECTED from src\main\AndroidManifest.xml
		INJECTED from src\main\AndroidManifest.xml
	android:versionName
		INJECTED from src\main\AndroidManifest.xml
		INJECTED from src\main\AndroidManifest.xml
	xmlns:android
		ADDED from src\main\AndroidManifest.xml:2:11-69
	android:versionCode
		INJECTED from src\main\AndroidManifest.xml
		INJECTED from src\main\AndroidManifest.xml
uses-permission#android.permission.ACCESS_WIFI_STATE
ADDED from src\main\AndroidManifest.xml:5:5-76
	android:name
		ADDED from src\main\AndroidManifest.xml:5:22-73
uses-permission#android.permission.ACCESS_NETWORK_STATE
ADDED from src\main\AndroidManifest.xml:6:5-79
	android:name
		ADDED from src\main\AndroidManifest.xml:6:22-76
uses-permission#android.permission.READ_PHONE_STATE
ADDED from src\main\AndroidManifest.xml:7:5-75
	android:name
		ADDED from src\main\AndroidManifest.xml:7:22-72
uses-permission#android.permission.INTERNET
ADDED from src\main\AndroidManifest.xml:8:5-67
MERGED from [com.lzy.net:okgo:2.1.4] AndroidManifest.xml:11:5-67
	android:name
		ADDED from src\main\AndroidManifest.xml:8:22-64
uses-permission#android.permission.WRITE_EXTERNAL_STORAGE
ADDED from src\main\AndroidManifest.xml:9:5-81
MERGED from [com.lzy.net:okgo:2.1.4] AndroidManifest.xml:13:5-81
MERGED from [com.squareup.leakcanary:leakcanary-android:1.5.1] AndroidManifest.xml:24:5-81
	android:name
		ADDED from src\main\AndroidManifest.xml:9:22-78
uses-permission#android.permission.READ_EXTERNAL_STORAGE
ADDED from src\main\AndroidManifest.xml:10:5-80
MERGED from [com.lzy.net:okgo:2.1.4] AndroidManifest.xml:12:5-80
MERGED from [com.squareup.leakcanary:leakcanary-android:1.5.1] AndroidManifest.xml:23:5-80
	android:name
		ADDED from src\main\AndroidManifest.xml:10:22-77
uses-permission#android.permission.KILL_BACKGROUND_PROCESSES
ADDED from src\main\AndroidManifest.xml:11:5-84
	android:name
		ADDED from src\main\AndroidManifest.xml:11:22-81
uses-permission#android.permission.SET_WALLPAPER
ADDED from src\main\AndroidManifest.xml:13:5-72
	android:name
		ADDED from src\main\AndroidManifest.xml:13:22-69
uses-permission#android.permission.CALL_PHONE
ADDED from src\main\AndroidManifest.xml:15:5-69
	android:name
		ADDED from src\main\AndroidManifest.xml:15:22-66
uses-permission#android.permission.CAMERA
ADDED from src\main\AndroidManifest.xml:17:5-65
	android:name
		ADDED from src\main\AndroidManifest.xml:17:22-62
uses-permission#android.permission.FLASHLIGHT
ADDED from src\main\AndroidManifest.xml:19:5-69
	android:name
		ADDED from src\main\AndroidManifest.xml:19:22-66
uses-feature#android.hardware.camera
ADDED from src\main\AndroidManifest.xml:21:5-60
	android:name
		ADDED from src\main\AndroidManifest.xml:21:19-57
uses-feature#android.hardware.camera.autofocus
ADDED from src\main\AndroidManifest.xml:22:5-70
	android:name
		ADDED from src\main\AndroidManifest.xml:22:19-67
uses-feature#android.hardware.camera.flash
ADDED from src\main\AndroidManifest.xml:23:5-66
	android:name
		ADDED from src\main\AndroidManifest.xml:23:19-63
uses-permission#android.permission.VIBRATE
ADDED from src\main\AndroidManifest.xml:25:5-66
	android:name
		ADDED from src\main\AndroidManifest.xml:25:22-63
uses-permission#android.permission.ACCESS_COARSE_LOCATION
ADDED from src\main\AndroidManifest.xml:29:5-81
	android:name
		ADDED from src\main\AndroidManifest.xml:29:22-78
uses-permission#android.permission.ACCESS_FINE_LOCATION
ADDED from src\main\AndroidManifest.xml:31:5-79
	android:name
		ADDED from src\main\AndroidManifest.xml:31:22-76
uses-permission#android.permission.CHANGE_WIFI_STATE
ADDED from src\main\AndroidManifest.xml:37:5-76
	android:name
		ADDED from src\main\AndroidManifest.xml:37:22-73
uses-permission#android.permission.MOUNT_UNMOUNT_FILESYSTEMS
ADDED from src\main\AndroidManifest.xml:45:5-84
MERGED from [com.lzy.net:okgo:2.1.4] AndroidManifest.xml:14:5-84
	android:name
		ADDED from src\main\AndroidManifest.xml:45:22-81
application
ADDED from src\main\AndroidManifest.xml:48:5-222:19
MERGED from [de.hdodenhof:circleimageview:2.1.0] AndroidManifest.xml:9:5-20
MERGED from [com.lzy.net:okserver:1.1.3] AndroidManifest.xml:11:5-13:19
MERGED from [com.jcodecraeer:xrecyclerview:1.3.2] AndroidManifest.xml:11:5-20
MERGED from [LukeAndroidDemo:refresh-layout:unspecified] AndroidManifest.xml:11:5-15:19
MERGED from [com.android.support:design:25.3.1] AndroidManifest.xml:29:5-20
MERGED from [com.android.support:appcompat-v7:25.3.1] AndroidManifest.xml:29:5-20
MERGED from [com.android.support:animated-vector-drawable:25.3.1] AndroidManifest.xml:26:5-20
MERGED from [com.android.support:support-vector-drawable:25.3.1] AndroidManifest.xml:26:5-20
MERGED from [com.android.support:transition:25.3.1] AndroidManifest.xml:26:5-20
MERGED from [com.android.support:support-v4:25.3.1] AndroidManifest.xml:29:5-20
MERGED from [com.android.support:support-fragment:25.3.1] AndroidManifest.xml:29:5-20
MERGED from [com.android.support:support-media-compat:25.3.1] AndroidManifest.xml:29:5-20
MERGED from [com.android.support:support-core-ui:25.3.1] AndroidManifest.xml:29:5-20
MERGED from [com.android.support:support-core-utils:25.3.1] AndroidManifest.xml:29:5-20
MERGED from [com.android.support:support-compat:25.3.1] AndroidManifest.xml:29:5-20
MERGED from [com.android.support.constraint:constraint-layout:1.0.2] AndroidManifest.xml:9:5-20
MERGED from [com.squareup.leakcanary:leakcanary-android:1.5.1] AndroidManifest.xml:26:5-55:19
	android:label
		ADDED from src\main\AndroidManifest.xml:53:9-41
	android:supportsRtl
		ADDED from src\main\AndroidManifest.xml:55:9-35
	android:hardwareAccelerated
		ADDED from src\main\AndroidManifest.xml:51:9-43
	android:allowBackup
		ADDED from src\main\AndroidManifest.xml:50:9-35
	android:icon
		ADDED from src\main\AndroidManifest.xml:52:9-42
	android:persistent
		ADDED from src\main\AndroidManifest.xml:54:9-34
	android:theme
		ADDED from src\main\AndroidManifest.xml:56:9-65
	android:name
		ADDED from src\main\AndroidManifest.xml:49:9-42
meta-data#com.baidu.lbsapi.API_KEY
ADDED from src\main\AndroidManifest.xml:59:9-61:64
	android:value
		ADDED from src\main\AndroidManifest.xml:61:13-61
	android:name
		ADDED from src\main\AndroidManifest.xml:60:13-52
activity#com.lukemi.myandroid.MainActivity
ADDED from src\main\AndroidManifest.xml:63:9-73:20
	android:launchMode
		ADDED from src\main\AndroidManifest.xml:65:13-44
	android:name
		ADDED from src\main\AndroidManifest.xml:64:13-41
activity#com.lukemi.myandroid.sessionlifecycle.SessionActivity1
ADDED from src\main\AndroidManifest.xml:74:9-71
	android:name
		ADDED from src\main\AndroidManifest.xml:74:19-68
activity#com.lukemi.myandroid.sessionlifecycle.SessionActivity2
ADDED from src\main\AndroidManifest.xml:75:9-71
	android:name
		ADDED from src\main\AndroidManifest.xml:75:19-68
activity#com.lukemi.myandroid.sharedpreferences.SharedPreferencesDemoActivity
ADDED from src\main\AndroidManifest.xml:76:9-85
	android:name
		ADDED from src\main\AndroidManifest.xml:76:19-82
activity#com.lukemi.myandroid.handler.BaseHandlerActivity
ADDED from src\main\AndroidManifest.xml:77:9-65
	android:name
		ADDED from src\main\AndroidManifest.xml:77:19-62
activity#com.lukemi.myandroid.handler.HandlerTestActivity
ADDED from src\main\AndroidManifest.xml:78:9-65
	android:name
		ADDED from src\main\AndroidManifest.xml:78:19-62
activity#com.lukemi.myandroid.perssion.PermissionActivity
ADDED from src\main\AndroidManifest.xml:79:9-65
	android:name
		ADDED from src\main\AndroidManifest.xml:79:19-62
activity#com.lukemi.myandroid.animation.AnimationActivity
ADDED from src\main\AndroidManifest.xml:80:9-65
	android:name
		ADDED from src\main\AndroidManifest.xml:80:19-62
activity#com.lukemi.myandroid.animation.TweenActivity
ADDED from src\main\AndroidManifest.xml:81:9-84:47
	android:label
		ADDED from src\main\AndroidManifest.xml:83:13-42
	android:theme
		ADDED from src\main\AndroidManifest.xml:84:13-44
	android:name
		ADDED from src\main\AndroidManifest.xml:82:13-52
activity#com.lukemi.myandroid.animation.FrameActivity
ADDED from src\main\AndroidManifest.xml:85:9-61
	android:name
		ADDED from src\main\AndroidManifest.xml:85:19-58
activity#com.lukemi.myandroid.animation.PropertyActivity
ADDED from src\main\AndroidManifest.xml:86:9-64
	android:name
		ADDED from src\main\AndroidManifest.xml:86:19-61
activity#com.lukemi.myandroid.animation.ScaleActivity
ADDED from src\main\AndroidManifest.xml:87:9-61
	android:name
		ADDED from src\main\AndroidManifest.xml:87:19-58
activity#com.lukemi.myandroid.webservice.WebServiceActivity
ADDED from src\main\AndroidManifest.xml:88:9-67
	android:name
		ADDED from src\main\AndroidManifest.xml:88:19-64
activity#com.lukemi.myandroid.utiltest.DeviceutilActivity
ADDED from src\main\AndroidManifest.xml:89:9-91:72
	android:theme
		ADDED from src\main\AndroidManifest.xml:91:13-69
	android:name
		ADDED from src\main\AndroidManifest.xml:90:13-56
activity#com.lukemi.myandroid.getappchannelactivity.GetAppchannelActivity
ADDED from src\main\AndroidManifest.xml:92:9-81
	android:name
		ADDED from src\main\AndroidManifest.xml:92:19-78
activity#com.lukemi.myandroid.utiltest.ZipUtilActivity
ADDED from src\main\AndroidManifest.xml:93:9-62
	android:name
		ADDED from src\main\AndroidManifest.xml:93:19-59
activity#com.lukemi.myandroid.handler.HandlerPostActivity
ADDED from src\main\AndroidManifest.xml:94:9-65
	android:name
		ADDED from src\main\AndroidManifest.xml:94:19-62
activity#com.lukemi.myandroid.camera.CameraActivity
ADDED from src\main\AndroidManifest.xml:95:9-59
	android:name
		ADDED from src\main\AndroidManifest.xml:95:19-56
activity#com.lukemi.myandroid.viewtest.EleSignActivity
ADDED from src\main\AndroidManifest.xml:96:9-62
	android:name
		ADDED from src\main\AndroidManifest.xml:96:19-59
activity#com.lukemi.myandroid.viewtest.CViewActivity
ADDED from src\main\AndroidManifest.xml:97:9-60
	android:name
		ADDED from src\main\AndroidManifest.xml:97:19-57
activity#com.lukemi.myandroid.widget.WebviewActivity
ADDED from src\main\AndroidManifest.xml:98:9-101:72
	android:configChanges
		ADDED from src\main\AndroidManifest.xml:100:13-63
	android:theme
		ADDED from src\main\AndroidManifest.xml:101:13-69
	android:name
		ADDED from src\main\AndroidManifest.xml:99:13-51
activity#com.lukemi.myandroid.fluxanalistics.FluxActivity
ADDED from src\main\AndroidManifest.xml:102:9-65
	android:name
		ADDED from src\main\AndroidManifest.xml:102:19-62
activity#com.lukemi.myandroid.receiver.ReceiverActivity
ADDED from src\main\AndroidManifest.xml:103:9-63
	android:name
		ADDED from src\main\AndroidManifest.xml:103:19-60
activity#com.lukemi.myandroid.plug.PlugActivity
ADDED from src\main\AndroidManifest.xml:104:9-55
	android:name
		ADDED from src\main\AndroidManifest.xml:104:19-52
activity#com.lukemi.myandroid.BaseActivity
ADDED from src\main\AndroidManifest.xml:105:9-50
	android:name
		ADDED from src\main\AndroidManifest.xml:105:19-47
activity#com.lukemi.myandroid.killprocess.ProcessActivity
ADDED from src\main\AndroidManifest.xml:106:9-65
	android:name
		ADDED from src\main\AndroidManifest.xml:106:19-62
activity#com.lukemi.myandroid.killprocess.ProcessDetailActivity
ADDED from src\main\AndroidManifest.xml:107:9-71
	android:name
		ADDED from src\main\AndroidManifest.xml:107:19-68
activity#com.lukemi.myandroid.network_operation.NetworkActivity
ADDED from src\main\AndroidManifest.xml:108:9-71
	android:name
		ADDED from src\main\AndroidManifest.xml:108:19-68
activity#com.lukemi.myandroid.mob_sms.Mob_SMS_Activity
ADDED from src\main\AndroidManifest.xml:109:9-62
	android:name
		ADDED from src\main\AndroidManifest.xml:109:19-59
activity#com.lukemi.myandroid.weather.WeatherActivity
ADDED from src\main\AndroidManifest.xml:110:9-61
	android:name
		ADDED from src\main\AndroidManifest.xml:110:19-58
activity#com.lukemi.myandroid.baidu.BDLocActivity
ADDED from src\main\AndroidManifest.xml:111:9-113:52
	android:screenOrientation
		ADDED from src\main\AndroidManifest.xml:113:13-49
	android:name
		ADDED from src\main\AndroidManifest.xml:112:13-48
activity#com.lukemi.myandroid.baidu.BDLocQuestionActivity
ADDED from src\main\AndroidManifest.xml:114:9-65
	android:name
		ADDED from src\main\AndroidManifest.xml:114:19-62
activity#com.lukemi.myandroid.camera.WX_Camera_Activity
ADDED from src\main\AndroidManifest.xml:115:9-63
	android:name
		ADDED from src\main\AndroidManifest.xml:115:19-60
activity#com.lukemi.myandroid.utiltest.ToastUtilActivity
ADDED from src\main\AndroidManifest.xml:116:9-64
	android:name
		ADDED from src\main\AndroidManifest.xml:116:19-61
activity#com.lukemi.myandroid.viewtest.DialogUtilActivity
ADDED from src\main\AndroidManifest.xml:117:9-65
	android:name
		ADDED from src\main\AndroidManifest.xml:117:19-62
activity#com.lukemi.myandroid.widget.WidgetActivity
ADDED from src\main\AndroidManifest.xml:118:9-121:54
	android:label
		ADDED from src\main\AndroidManifest.xml:120:13-33
	android:theme
		ADDED from src\main\AndroidManifest.xml:121:13-51
	android:name
		ADDED from src\main\AndroidManifest.xml:119:13-50
activity#com.lukemi.myandroid.widget.TextViewActivity
ADDED from src\main\AndroidManifest.xml:122:9-127:20
	android:label
		ADDED from src\main\AndroidManifest.xml:124:13-41
	android:theme
		ADDED from src\main\AndroidManifest.xml:125:13-51
	android:name
		ADDED from src\main\AndroidManifest.xml:123:13-52
activity#com.lukemi.myandroid.widget.EditTextActivity
ADDED from src\main\AndroidManifest.xml:128:9-131:54
	android:label
		ADDED from src\main\AndroidManifest.xml:130:13-41
	android:theme
		ADDED from src\main\AndroidManifest.xml:131:13-51
	android:name
		ADDED from src\main\AndroidManifest.xml:129:13-52
activity#com.lukemi.myandroid.widget.wechat.activity.WeChatLoginActivity
ADDED from src\main\AndroidManifest.xml:132:9-80
	android:name
		ADDED from src\main\AndroidManifest.xml:132:19-77
activity#com.lukemi.myandroid.widget.ViewPrintActivity
ADDED from src\main\AndroidManifest.xml:133:9-62
	android:name
		ADDED from src\main\AndroidManifest.xml:133:19-59
activity#com.lukemi.myandroid.utiltest.BitmapUtilActivity
ADDED from src\main\AndroidManifest.xml:134:9-65
	android:name
		ADDED from src\main\AndroidManifest.xml:134:19-62
activity#com.lukemi.myandroid.utiltest.UtilMainActivity
ADDED from src\main\AndroidManifest.xml:137:9-62
	android:name
		ADDED from src\main\AndroidManifest.xml:137:19-60
activity#com.lukemi.myandroid.widget.wechat.activity.WeChatMainActivity
ADDED from src\main\AndroidManifest.xml:138:9-78
	android:name
		ADDED from src\main\AndroidManifest.xml:138:19-76
activity#com.lukemi.myandroid.widget.TableLayoutActivity
ADDED from src\main\AndroidManifest.xml:139:9-64
	android:name
		ADDED from src\main\AndroidManifest.xml:139:19-61
activity#com.lukemi.myandroid.widget.satin.SatinMainActivity
ADDED from src\main\AndroidManifest.xml:140:9-68
	android:name
		ADDED from src\main\AndroidManifest.xml:140:19-65
activity#com.lukemi.myandroid.widget.TabLayoutActivity
ADDED from src\main\AndroidManifest.xml:142:9-61
	android:name
		ADDED from src\main\AndroidManifest.xml:142:19-59
activity#com.lukemi.myandroid.widget.ListViewActivity
ADDED from src\main\AndroidManifest.xml:143:9-60
	android:name
		ADDED from src\main\AndroidManifest.xml:143:19-58
activity#com.lukemi.myandroid.WelcomeActivity
ADDED from src\main\AndroidManifest.xml:144:9-146:55
	android:theme
		ADDED from src\main\AndroidManifest.xml:146:13-53
	android:name
		ADDED from src\main\AndroidManifest.xml:145:13-44
activity#com.lukemi.myandroid.baidu.BDActivity
ADDED from src\main\AndroidManifest.xml:147:9-53
	android:name
		ADDED from src\main\AndroidManifest.xml:147:19-51
activity#com.lukemi.myandroid.ThirdAPIActivity
ADDED from src\main\AndroidManifest.xml:148:9-53
	android:name
		ADDED from src\main\AndroidManifest.xml:148:19-51
activity#com.lukemi.myandroid.setting.WallPaperActivity
ADDED from src\main\AndroidManifest.xml:149:9-62
	android:name
		ADDED from src\main\AndroidManifest.xml:149:19-60
activity#com.lukemi.myandroid.setting.SettingActivity
ADDED from src\main\AndroidManifest.xml:150:9-60
	android:name
		ADDED from src\main\AndroidManifest.xml:150:19-58
activity#com.lukemi.myandroid.setting.SettingIntentActivity
ADDED from src\main\AndroidManifest.xml:151:9-66
	android:name
		ADDED from src\main\AndroidManifest.xml:151:19-64
activity#com.lukemi.myandroid.setting.CommomIntentActivity
ADDED from src\main\AndroidManifest.xml:152:9-65
	android:name
		ADDED from src\main\AndroidManifest.xml:152:19-63
activity#com.lukemi.myandroid.setting.TorchActivity
ADDED from src\main\AndroidManifest.xml:153:9-58
	android:name
		ADDED from src\main\AndroidManifest.xml:153:19-56
activity#com.lukemi.myandroid.db.GreenDaoActivity
ADDED from src\main\AndroidManifest.xml:154:9-160:20
	android:name
		ADDED from src\main\AndroidManifest.xml:154:19-54
intent-filter#android.intent.action.MAIN+android.intent.category.LAUNCHER
ADDED from src\main\AndroidManifest.xml:155:13-159:29
action#android.intent.action.MAIN
ADDED from src\main\AndroidManifest.xml:156:17-68
	android:name
		ADDED from src\main\AndroidManifest.xml:156:25-66
category#android.intent.category.LAUNCHER
ADDED from src\main\AndroidManifest.xml:158:17-76
	android:name
		ADDED from src\main\AndroidManifest.xml:158:27-74
activity#com.lukemi.myandroid.http.httpprocessor.HttpProcessorActivity
ADDED from src\main\AndroidManifest.xml:161:9-77
	android:name
		ADDED from src\main\AndroidManifest.xml:161:19-75
activity#com.lukemi.myandroid.http.volley.VollyActivity
ADDED from src\main\AndroidManifest.xml:162:9-62
	android:name
		ADDED from src\main\AndroidManifest.xml:162:19-60
activity#com.lukemi.myandroid.widget.ImageViewActivity
ADDED from src\main\AndroidManifest.xml:163:9-164:20
	android:name
		ADDED from src\main\AndroidManifest.xml:163:19-59
service#com.baidu.location.f
ADDED from src\main\AndroidManifest.xml:167:9-170:41
	android:enabled
		ADDED from src\main\AndroidManifest.xml:169:13-35
	android:process
		ADDED from src\main\AndroidManifest.xml:170:13-38
	android:name
		ADDED from src\main\AndroidManifest.xml:168:13-48
service#com.lukemi.myandroid.service.ForegroundService
ADDED from src\main\AndroidManifest.xml:171:9-175:53
	android:enabled
		ADDED from src\main\AndroidManifest.xml:173:13-35
	android:process
		ADDED from src\main\AndroidManifest.xml:175:13-50
	android:exported
		ADDED from src\main\AndroidManifest.xml:174:13-36
	android:name
		ADDED from src\main\AndroidManifest.xml:172:13-54
receiver#com.lukemi.myandroid.receiver.BootReceiver
ADDED from src\main\AndroidManifest.xml:177:9-189:20
	android:enabled
		ADDED from src\main\AndroidManifest.xml:179:13-36
	android:exported
		ADDED from src\main\AndroidManifest.xml:180:13-37
	android:name
		ADDED from src\main\AndroidManifest.xml:178:13-50
intent-filter#android.intent.action.BOOT_COMPLETED+android.intent.action.PACKAGE_RESTARTED+android.intent.action.SCREEN_OFF+android.intent.action.SCREEN_ON+android.intent.action.USER_PRESENT+com.lukemi.foregroundservice.destroy
ADDED from src\main\AndroidManifest.xml:181:13-188:29
action#android.intent.action.BOOT_COMPLETED
ADDED from src\main\AndroidManifest.xml:182:17-79
	android:name
		ADDED from src\main\AndroidManifest.xml:182:25-76
action#android.intent.action.USER_PRESENT
ADDED from src\main\AndroidManifest.xml:183:17-77
	android:name
		ADDED from src\main\AndroidManifest.xml:183:25-74
action#android.intent.action.PACKAGE_RESTARTED
ADDED from src\main\AndroidManifest.xml:184:17-82
	android:name
		ADDED from src\main\AndroidManifest.xml:184:25-79
action#com.lukemi.foregroundservice.destroy
ADDED from src\main\AndroidManifest.xml:185:17-79
	android:name
		ADDED from src\main\AndroidManifest.xml:185:25-76
action#android.intent.action.SCREEN_ON
ADDED from src\main\AndroidManifest.xml:186:17-74
	android:name
		ADDED from src\main\AndroidManifest.xml:186:25-71
action#android.intent.action.SCREEN_OFF
ADDED from src\main\AndroidManifest.xml:187:17-75
	android:name
		ADDED from src\main\AndroidManifest.xml:187:25-72
activity#com.lukemi.myandroid.evenbus.EvenBusActivity
ADDED from src\main\AndroidManifest.xml:191:9-61
	android:name
		ADDED from src\main\AndroidManifest.xml:191:19-58
activity#com.lukemi.myandroid.evenbus.ReceiveEventActivity
ADDED from src\main\AndroidManifest.xml:192:9-66
	android:name
		ADDED from src\main\AndroidManifest.xml:192:19-63
activity#com.lukemi.myandroid.widget.DialogActivity
ADDED from src\main\AndroidManifest.xml:193:9-59
	android:name
		ADDED from src\main\AndroidManifest.xml:193:19-56
activity#com.lukemi.myandroid.viewtest.ClipPhotoViewActivity
ADDED from src\main\AndroidManifest.xml:194:9-68
	android:name
		ADDED from src\main\AndroidManifest.xml:194:19-65
activity#com.lukemi.myandroid.viewtest.UploadActivity
ADDED from src\main\AndroidManifest.xml:195:9-61
	android:name
		ADDED from src\main\AndroidManifest.xml:195:19-58
activity#com.lukemi.myandroid.widget.RGActivity
ADDED from src\main\AndroidManifest.xml:196:9-55
	android:name
		ADDED from src\main\AndroidManifest.xml:196:19-52
activity#com.lukemi.myandroid.widget.ReccyclerViewActivity
ADDED from src\main\AndroidManifest.xml:197:9-66
	android:name
		ADDED from src\main\AndroidManifest.xml:197:19-63
activity#com.lukemi.myandroid.evenbus.BackEvenBUSFragment_Activity
ADDED from src\main\AndroidManifest.xml:198:9-74
	android:name
		ADDED from src\main\AndroidManifest.xml:198:19-71
activity#com.lukemi.myandroid.evenbus.ForgroundActivity
ADDED from src\main\AndroidManifest.xml:199:9-63
	android:name
		ADDED from src\main\AndroidManifest.xml:199:19-60
activity#com.lukemi.myandroid.widget.wechat.CommentActivity
ADDED from src\main\AndroidManifest.xml:200:9-67
	android:name
		ADDED from src\main\AndroidManifest.xml:200:19-64
activity#com.lukemi.myandroid.widget.PopupActivity
ADDED from src\main\AndroidManifest.xml:201:9-204:63
	android:windowSoftInputMode
		ADDED from src\main\AndroidManifest.xml:204:13-60
	android:configChanges
		ADDED from src\main\AndroidManifest.xml:203:13-63
	android:name
		ADDED from src\main\AndroidManifest.xml:202:13-49
activity#com.lukemi.myandroid.widget.brvah.BRVAHActivity
ADDED from src\main\AndroidManifest.xml:205:9-64
	android:name
		ADDED from src\main\AndroidManifest.xml:205:19-61
activity#com.lukemi.myandroid.widget.brvah.MultieBRVAHActivity
ADDED from src\main\AndroidManifest.xml:206:9-70
	android:name
		ADDED from src\main\AndroidManifest.xml:206:19-67
activity#com.lukemi.myandroid.widget.brvah.BaseQuickActivity
ADDED from src\main\AndroidManifest.xml:207:9-68
	android:name
		ADDED from src\main\AndroidManifest.xml:207:19-65
activity#com.lukemi.myandroid.jsoup.JsoupActivity
ADDED from src\main\AndroidManifest.xml:208:9-57
	android:name
		ADDED from src\main\AndroidManifest.xml:208:19-54
activity#com.lukemi.myandroid.widget.JSAndroidActivity
ADDED from src\main\AndroidManifest.xml:209:9-62
	android:name
		ADDED from src\main\AndroidManifest.xml:209:19-59
activity#com.lukemi.myandroid.widget.LifecycleFragmentActivity
ADDED from src\main\AndroidManifest.xml:210:9-70
	android:name
		ADDED from src\main\AndroidManifest.xml:210:19-67
activity#com.lukemi.myandroid.widget.ViewPagerActivity
ADDED from src\main\AndroidManifest.xml:211:9-62
	android:name
		ADDED from src\main\AndroidManifest.xml:211:19-59
activity#com.lukemi.myandroid.viewtest.RVRefreshViewActivity
ADDED from src\main\AndroidManifest.xml:212:9-68
	android:name
		ADDED from src\main\AndroidManifest.xml:212:19-65
activity#com.lukemi.myandroid.AppInfoActivity
ADDED from src\main\AndroidManifest.xml:213:9-53
	android:name
		ADDED from src\main\AndroidManifest.xml:213:19-50
activity#com.lukemi.myandroid.news_today.NewListActivity
ADDED from src\main\AndroidManifest.xml:214:9-73
	android:name
		ADDED from src\main\AndroidManifest.xml:214:19-61
activity#com.lukemi.myandroid.widget.CoordinaryLayoutActivity
ADDED from src\main\AndroidManifest.xml:215:9-78
	android:name
		ADDED from src\main\AndroidManifest.xml:215:19-66
activity#com.lukemi.myandroid.widget.ConstraintLayoutActivity
ADDED from src\main\AndroidManifest.xml:216:9-218:20
	android:name
		ADDED from src\main\AndroidManifest.xml:216:19-66
activity#com.lukemi.myandroid.widget.MeasureViewActivity
ADDED from src\main\AndroidManifest.xml:219:9-221:20
	android:name
		ADDED from src\main\AndroidManifest.xml:219:19-61
uses-sdk
INJECTED from src\main\AndroidManifest.xml reason: use-sdk injection requested
MERGED from [de.hdodenhof:circleimageview:2.1.0] AndroidManifest.xml:5:5-7:41
MERGED from [com.jakewharton:butterknife:8.4.0] AndroidManifest.xml:5:5-43
MERGED from [com.lzy.net:okserver:1.1.3] AndroidManifest.xml:7:5-9:41
MERGED from [com.lzy.net:okgo:2.1.4] AndroidManifest.xml:7:5-9:41
MERGED from [me.relex:circleindicator:1.2.2] AndroidManifest.xml:8:5-10:41
MERGED from [com.github.CymChad:BaseRecyclerViewAdapterHelper:2.9.18] AndroidManifest.xml:7:5-9:41
MERGED from [com.jcodecraeer:xrecyclerview:1.3.2] AndroidManifest.xml:7:5-9:41
MERGED from [LukeAndroidDemo:refresh-layout:unspecified] AndroidManifest.xml:7:5-9:41
MERGED from [com.android.support:design:25.3.1] AndroidManifest.xml:21:5-23:62
MERGED from [com.android.support:appcompat-v7:25.3.1] AndroidManifest.xml:21:5-23:78
MERGED from [com.android.support:animated-vector-drawable:25.3.1] AndroidManifest.xml:20:5-44
MERGED from [com.android.support:support-vector-drawable:25.3.1] AndroidManifest.xml:20:5-43
MERGED from [com.android.support:recyclerview-v7:25.3.1] AndroidManifest.xml:20:5-43
MERGED from [com.android.support:transition:25.3.1] AndroidManifest.xml:20:5-44
MERGED from [com.android.support:support-v4:25.3.1] AndroidManifest.xml:21:5-23:54
MERGED from [com.android.support:support-fragment:25.3.1] AndroidManifest.xml:21:5-23:60
MERGED from [com.android.support:support-media-compat:25.3.1] AndroidManifest.xml:21:5-23:63
MERGED from [com.android.support:support-core-ui:25.3.1] AndroidManifest.xml:21:5-23:58
MERGED from [com.android.support:support-core-utils:25.3.1] AndroidManifest.xml:21:5-23:61
MERGED from [com.android.support:support-compat:25.3.1] AndroidManifest.xml:21:5-23:58
MERGED from [com.android.support:multidex:1.0.1] AndroidManifest.xml:18:5-42
MERGED from [com.android.support.constraint:constraint-layout:1.0.2] AndroidManifest.xml:5:5-7:41
MERGED from [com.squareup.leakcanary:leakcanary-android:1.5.1] AndroidManifest.xml:20:5-44
	tools:overrideLibrary
		ADDED from [com.android.support:design:25.3.1] AndroidManifest.xml:23:9-59
	android:targetSdkVersion
		INJECTED from src\main\AndroidManifest.xml
		INJECTED from src\main\AndroidManifest.xml
	android:minSdkVersion
		INJECTED from src\main\AndroidManifest.xml
		INJECTED from src\main\AndroidManifest.xml
service#com.lzy.okserver.download.DownloadService
ADDED from [com.lzy.net:okserver:1.1.3] AndroidManifest.xml:12:9-77
	android:name
		ADDED from [com.lzy.net:okserver:1.1.3] AndroidManifest.xml:12:18-74
meta-data#android.support.VERSION
ADDED from [com.android.support:design:25.3.1] AndroidManifest.xml:25:5-27:34
MERGED from [com.android.support:appcompat-v7:25.3.1] AndroidManifest.xml:25:5-27:34
MERGED from [com.android.support:animated-vector-drawable:25.3.1] AndroidManifest.xml:22:5-24:34
MERGED from [com.android.support:support-vector-drawable:25.3.1] AndroidManifest.xml:22:5-24:34
MERGED from [com.android.support:recyclerview-v7:25.3.1] AndroidManifest.xml:22:5-24:34
MERGED from [com.android.support:transition:25.3.1] AndroidManifest.xml:22:5-24:34
MERGED from [com.android.support:support-v4:25.3.1] AndroidManifest.xml:25:5-27:34
MERGED from [com.android.support:support-fragment:25.3.1] AndroidManifest.xml:25:5-27:34
MERGED from [com.android.support:support-media-compat:25.3.1] AndroidManifest.xml:25:5-27:34
MERGED from [com.android.support:support-core-ui:25.3.1] AndroidManifest.xml:25:5-27:34
MERGED from [com.android.support:support-core-utils:25.3.1] AndroidManifest.xml:25:5-27:34
MERGED from [com.android.support:support-compat:25.3.1] AndroidManifest.xml:25:5-27:34
	android:value
		ADDED from [com.android.support:design:25.3.1] AndroidManifest.xml:27:9-31
	android:name
		ADDED from [com.android.support:design:25.3.1] AndroidManifest.xml:26:9-47
service#com.squareup.leakcanary.internal.HeapAnalyzerService
ADDED from [com.squareup.leakcanary:leakcanary-android:1.5.1] AndroidManifest.xml:27:9-30:45
	android:enabled
		ADDED from [com.squareup.leakcanary:leakcanary-android:1.5.1] AndroidManifest.xml:29:13-36
	android:process
		ADDED from [com.squareup.leakcanary:leakcanary-android:1.5.1] AndroidManifest.xml:30:13-42
	android:name
		ADDED from [com.squareup.leakcanary:leakcanary-android:1.5.1] AndroidManifest.xml:28:13-80
service#com.squareup.leakcanary.DisplayLeakService
ADDED from [com.squareup.leakcanary:leakcanary-android:1.5.1] AndroidManifest.xml:31:9-33:39
	android:enabled
		ADDED from [com.squareup.leakcanary:leakcanary-android:1.5.1] AndroidManifest.xml:33:13-36
	android:name
		ADDED from [com.squareup.leakcanary:leakcanary-android:1.5.1] AndroidManifest.xml:32:13-70
activity#com.squareup.leakcanary.internal.DisplayLeakActivity
ADDED from [com.squareup.leakcanary:leakcanary-android:1.5.1] AndroidManifest.xml:35:9-47:20
	android:enabled
		ADDED from [com.squareup.leakcanary:leakcanary-android:1.5.1] AndroidManifest.xml:37:13-36
	android:label
		ADDED from [com.squareup.leakcanary:leakcanary-android:1.5.1] AndroidManifest.xml:39:13-71
	android:icon
		ADDED from [com.squareup.leakcanary:leakcanary-android:1.5.1] AndroidManifest.xml:38:13-54
	android:theme
		ADDED from [com.squareup.leakcanary:leakcanary-android:1.5.1] AndroidManifest.xml:41:13-63
	android:taskAffinity
		ADDED from [com.squareup.leakcanary:leakcanary-android:1.5.1] AndroidManifest.xml:40:13-76
	android:name
		ADDED from [com.squareup.leakcanary:leakcanary-android:1.5.1] AndroidManifest.xml:36:13-80
activity#com.squareup.leakcanary.internal.RequestStoragePermissionActivity